<?xml version="1.0" encoding="UTF-8"?>
<!-- Generated by org.testng.reporters.JUnitXMLReporter -->
<testsuite hostname="Divyas-MacBook-Pro.local" name="Default test" tests="2" failures="0" timestamp="12 Feb 2020 19:51:39 GMT" time="6.26" errors="0">
  <testcase name="forgotPassword_4A" time="0.98" classname="com.Salesforce.qa.testcases.FogotPasswordTest"/>
  <testcase name="forgotPassword_4B" time="0.549" classname="com.Salesforce.qa.testcases.FogotPasswordTest"/>
</testsuite> <!-- Default test -->
