<?xml version="1.0" encoding="UTF-8"?>
<!-- Generated by org.testng.reporters.JUnitXMLReporter -->
<testsuite hostname="Divyas-MacBook-Pro.local" name="Default test" tests="5" failures="0" timestamp="13 Feb 2020 07:21:10 GMT" time="23.686" errors="0">
  <testcase name="remembermetextBox" time="7.935" classname="com.Salesforce.qa.testcases.LoginPageTest"/>
  <testcase name="loginerrorMessage" time="0.681" classname="com.Salesforce.qa.testcases.LoginPageTest"/>
  <testcase name="LoginPageTitleTest" time="0.033" classname="com.Salesforce.qa.testcases.LoginPageTest"/>
  <testcase name="SalesforceLogoTest" time="0.081" classname="com.Salesforce.qa.testcases.LoginPageTest"/>
  <testcase name="loginTest" time="2.923" classname="com.Salesforce.qa.testcases.LoginPageTest"/>
</testsuite> <!-- Default test -->
