<?xml version="1.0" encoding="UTF-8"?>
<!-- Generated by org.testng.reporters.JUnitXMLReporter -->
<testsuite hostname="Divyas-MacBook-Pro.local" name="Salesforce App Test Cases" tests="8" failures="0" timestamp="13 Feb 2020 06:14:32 GMT" time="38.497" errors="0">
  <testcase name="remembermetextBox" time="9.429" classname="com.Salesforce.qa.testcases.LoginPageTest"/>
  <testcase name="loginerrorMessage" time="0.728" classname="com.Salesforce.qa.testcases.LoginPageTest"/>
  <testcase name="LoginPageTitleTest" time="0.021" classname="com.Salesforce.qa.testcases.LoginPageTest"/>
  <testcase name="SalesforceLogoTest" time="0.069" classname="com.Salesforce.qa.testcases.LoginPageTest"/>
  <testcase name="loginTest" time="3.14" classname="com.Salesforce.qa.testcases.LoginPageTest"/>
  <testcase name="forgotPassword_4A" time="0.872" classname="com.Salesforce.qa.testcases.FogotPasswordTest"/>
  <testcase name="forgotPassword_4B" time="0.38" classname="com.Salesforce.qa.testcases.FogotPasswordTest"/>
  <testcase name="Userdropdown" time="2.921" classname="com.Salesforce.qa.testcases.HomePageTest"/>
</testsuite> <!-- Salesforce App Test Cases -->
