<?xml version="1.0" encoding="UTF-8"?>
<testng-results skipped="0" failed="0" total="5" passed="5">
  <reporter-output>
  </reporter-output>
  <suite name="Default suite" duration-ms="23686" started-at="2020-02-13T07:20:46Z" finished-at="2020-02-13T07:21:10Z">
    <groups>
    </groups>
    <test name="Default test" duration-ms="23686" started-at="2020-02-13T07:20:46Z" finished-at="2020-02-13T07:21:10Z">
      <class name="com.Salesforce.qa.testcases.LoginPageTest">
        <test-method status="PASS" signature="setUp()[pri:0, instance:com.Salesforce.qa.testcases.LoginPageTest@38082d64]" name="setUp" is-config="true" duration-ms="2509" started-at="2020-02-12T23:20:46Z" finished-at="2020-02-12T23:20:48Z">
          <reporter-output>
          </reporter-output>
        </test-method> <!-- setUp -->
        <test-method status="PASS" signature="remembermetextBox()[pri:1, instance:com.Salesforce.qa.testcases.LoginPageTest@38082d64]" name="remembermetextBox" duration-ms="7935" started-at="2020-02-12T23:20:48Z" finished-at="2020-02-12T23:20:56Z">
          <reporter-output>
          </reporter-output>
        </test-method> <!-- remembermetextBox -->
        <test-method status="PASS" signature="tearDown()[pri:0, instance:com.Salesforce.qa.testcases.LoginPageTest@38082d64]" name="tearDown" is-config="true" duration-ms="161" started-at="2020-02-12T23:20:56Z" finished-at="2020-02-12T23:20:57Z">
          <reporter-output>
          </reporter-output>
        </test-method> <!-- tearDown -->
        <test-method status="PASS" signature="setUp()[pri:0, instance:com.Salesforce.qa.testcases.LoginPageTest@38082d64]" name="setUp" is-config="true" duration-ms="1684" started-at="2020-02-12T23:20:57Z" finished-at="2020-02-12T23:20:58Z">
          <reporter-output>
          </reporter-output>
        </test-method> <!-- setUp -->
        <test-method status="PASS" signature="loginerrorMessage()[pri:2, instance:com.Salesforce.qa.testcases.LoginPageTest@38082d64]" name="loginerrorMessage" duration-ms="681" started-at="2020-02-12T23:20:58Z" finished-at="2020-02-12T23:20:59Z">
          <reporter-output>
          </reporter-output>
        </test-method> <!-- loginerrorMessage -->
        <test-method status="PASS" signature="tearDown()[pri:0, instance:com.Salesforce.qa.testcases.LoginPageTest@38082d64]" name="tearDown" is-config="true" duration-ms="89" started-at="2020-02-12T23:20:59Z" finished-at="2020-02-12T23:20:59Z">
          <reporter-output>
          </reporter-output>
        </test-method> <!-- tearDown -->
        <test-method status="PASS" signature="setUp()[pri:0, instance:com.Salesforce.qa.testcases.LoginPageTest@38082d64]" name="setUp" is-config="true" duration-ms="1746" started-at="2020-02-12T23:20:59Z" finished-at="2020-02-12T23:21:01Z">
          <reporter-output>
          </reporter-output>
        </test-method> <!-- setUp -->
        <test-method status="PASS" signature="LoginPageTitleTest()[pri:3, instance:com.Salesforce.qa.testcases.LoginPageTest@38082d64]" name="LoginPageTitleTest" duration-ms="33" started-at="2020-02-12T23:21:01Z" finished-at="2020-02-12T23:21:01Z">
          <reporter-output>
          </reporter-output>
        </test-method> <!-- LoginPageTitleTest -->
        <test-method status="PASS" signature="tearDown()[pri:0, instance:com.Salesforce.qa.testcases.LoginPageTest@38082d64]" name="tearDown" is-config="true" duration-ms="81" started-at="2020-02-12T23:21:01Z" finished-at="2020-02-12T23:21:01Z">
          <reporter-output>
          </reporter-output>
        </test-method> <!-- tearDown -->
        <test-method status="PASS" signature="setUp()[pri:0, instance:com.Salesforce.qa.testcases.LoginPageTest@38082d64]" name="setUp" is-config="true" duration-ms="1780" started-at="2020-02-12T23:21:01Z" finished-at="2020-02-12T23:21:03Z">
          <reporter-output>
          </reporter-output>
        </test-method> <!-- setUp -->
        <test-method status="PASS" signature="SalesforceLogoTest()[pri:4, instance:com.Salesforce.qa.testcases.LoginPageTest@38082d64]" name="SalesforceLogoTest" duration-ms="81" started-at="2020-02-12T23:21:03Z" finished-at="2020-02-12T23:21:03Z">
          <reporter-output>
          </reporter-output>
        </test-method> <!-- SalesforceLogoTest -->
        <test-method status="PASS" signature="tearDown()[pri:0, instance:com.Salesforce.qa.testcases.LoginPageTest@38082d64]" name="tearDown" is-config="true" duration-ms="94" started-at="2020-02-12T23:21:03Z" finished-at="2020-02-12T23:21:03Z">
          <reporter-output>
          </reporter-output>
        </test-method> <!-- tearDown -->
        <test-method status="PASS" signature="setUp()[pri:0, instance:com.Salesforce.qa.testcases.LoginPageTest@38082d64]" name="setUp" is-config="true" duration-ms="1716" started-at="2020-02-12T23:21:03Z" finished-at="2020-02-12T23:21:05Z">
          <reporter-output>
          </reporter-output>
        </test-method> <!-- setUp -->
        <test-method status="PASS" signature="loginTest()[pri:5, instance:com.Salesforce.qa.testcases.LoginPageTest@38082d64]" name="loginTest" duration-ms="2923" started-at="2020-02-12T23:21:05Z" finished-at="2020-02-12T23:21:07Z">
          <reporter-output>
          </reporter-output>
        </test-method> <!-- loginTest -->
        <test-method status="PASS" signature="tearDown()[pri:0, instance:com.Salesforce.qa.testcases.LoginPageTest@38082d64]" name="tearDown" is-config="true" duration-ms="2150" started-at="2020-02-12T23:21:07Z" finished-at="2020-02-12T23:21:10Z">
          <reporter-output>
          </reporter-output>
        </test-method> <!-- tearDown -->
      </class> <!-- com.Salesforce.qa.testcases.LoginPageTest -->
    </test> <!-- Default test -->
  </suite> <!-- Default suite -->
</testng-results>
