<?xml version="1.0" encoding="UTF-8"?>
<!-- Generated by org.testng.reporters.JUnitXMLReporter -->
<testsuite hostname="Divyas-MacBook-Pro.local" ignored="0" name="Command line test" tests="8" failures="0" timestamp="2020-02-12T22:15:35 PST" time="38.418" errors="0">
  <testcase name="forgotPassword_4A" time="1.053" classname="com.Salesforce.qa.testcases.FogotPasswordTest"/>
  <testcase name="forgotPassword_4B" time="0.379" classname="com.Salesforce.qa.testcases.FogotPasswordTest"/>
  <testcase name="Userdropdown" time="3.035" classname="com.Salesforce.qa.testcases.HomePageTest"/>
  <testcase name="remembermetextBox" time="7.793" classname="com.Salesforce.qa.testcases.LoginPageTest"/>
  <testcase name="loginerrorMessage" time="1.035" classname="com.Salesforce.qa.testcases.LoginPageTest"/>
  <testcase name="LoginPageTitleTest" time="0.006" classname="com.Salesforce.qa.testcases.LoginPageTest"/>
  <testcase name="SalesforceLogoTest" time="0.044" classname="com.Salesforce.qa.testcases.LoginPageTest"/>
  <testcase name="loginTest" time="4.526" classname="com.Salesforce.qa.testcases.LoginPageTest"/>
</testsuite> <!-- Command line test -->
