<?xml version="1.0" encoding="UTF-8"?>
<testng-results skipped="0" failed="0" ignored="0" total="8" passed="8">
  <reporter-output>
  </reporter-output>
  <suite name="Command line suite" duration-ms="38418" started-at="2020-02-12T22:14:57 PST" finished-at="2020-02-12T22:15:35 PST">
    <groups>
    </groups>
    <test name="Command line test" duration-ms="38418" started-at="2020-02-12T22:14:57 PST" finished-at="2020-02-12T22:15:35 PST">
      <class name="com.Salesforce.qa.testcases.LoginPageTest">
        <test-method status="PASS" signature="setUp()[pri:0, instance:com.Salesforce.qa.testcases.LoginPageTest@3632be31]" name="setUp" is-config="true" duration-ms="1785" started-at="2020-02-12T22:15:11 PST" finished-at="2020-02-12T22:15:13 PST">
          <reporter-output>
          </reporter-output>
        </test-method> <!-- setUp -->
        <test-method status="PASS" signature="remembermetextBox()[pri:1, instance:com.Salesforce.qa.testcases.LoginPageTest@3632be31]" name="remembermetextBox" duration-ms="7793" started-at="2020-02-12T22:15:13 PST" finished-at="2020-02-12T22:15:21 PST">
          <reporter-output>
          </reporter-output>
        </test-method> <!-- remembermetextBox -->
        <test-method status="PASS" signature="tearDown()[pri:0, instance:com.Salesforce.qa.testcases.LoginPageTest@3632be31]" name="tearDown" is-config="true" duration-ms="179" started-at="2020-02-12T22:15:21 PST" finished-at="2020-02-12T22:15:21 PST">
          <reporter-output>
          </reporter-output>
        </test-method> <!-- tearDown -->
        <test-method status="PASS" signature="setUp()[pri:0, instance:com.Salesforce.qa.testcases.LoginPageTest@3632be31]" name="setUp" is-config="true" duration-ms="1743" started-at="2020-02-12T22:15:21 PST" finished-at="2020-02-12T22:15:22 PST">
          <reporter-output>
          </reporter-output>
        </test-method> <!-- setUp -->
        <test-method status="PASS" signature="loginerrorMessage()[pri:2, instance:com.Salesforce.qa.testcases.LoginPageTest@3632be31]" name="loginerrorMessage" duration-ms="1035" started-at="2020-02-12T22:15:22 PST" finished-at="2020-02-12T22:15:24 PST">
          <reporter-output>
          </reporter-output>
        </test-method> <!-- loginerrorMessage -->
        <test-method status="PASS" signature="tearDown()[pri:0, instance:com.Salesforce.qa.testcases.LoginPageTest@3632be31]" name="tearDown" is-config="true" duration-ms="97" started-at="2020-02-12T22:15:24 PST" finished-at="2020-02-12T22:15:24 PST">
          <reporter-output>
          </reporter-output>
        </test-method> <!-- tearDown -->
        <test-method status="PASS" signature="setUp()[pri:0, instance:com.Salesforce.qa.testcases.LoginPageTest@3632be31]" name="setUp" is-config="true" duration-ms="3459" started-at="2020-02-12T22:15:24 PST" finished-at="2020-02-12T22:15:27 PST">
          <reporter-output>
          </reporter-output>
        </test-method> <!-- setUp -->
        <test-method status="PASS" signature="LoginPageTitleTest()[pri:3, instance:com.Salesforce.qa.testcases.LoginPageTest@3632be31]" name="LoginPageTitleTest" duration-ms="6" started-at="2020-02-12T22:15:27 PST" finished-at="2020-02-12T22:15:27 PST">
          <reporter-output>
          </reporter-output>
        </test-method> <!-- LoginPageTitleTest -->
        <test-method status="PASS" signature="tearDown()[pri:0, instance:com.Salesforce.qa.testcases.LoginPageTest@3632be31]" name="tearDown" is-config="true" duration-ms="92" started-at="2020-02-12T22:15:27 PST" finished-at="2020-02-12T22:15:27 PST">
          <reporter-output>
          </reporter-output>
        </test-method> <!-- tearDown -->
        <test-method status="PASS" signature="setUp()[pri:0, instance:com.Salesforce.qa.testcases.LoginPageTest@3632be31]" name="setUp" is-config="true" duration-ms="1722" started-at="2020-02-12T22:15:27 PST" finished-at="2020-02-12T22:15:29 PST">
          <reporter-output>
          </reporter-output>
        </test-method> <!-- setUp -->
        <test-method status="PASS" signature="SalesforceLogoTest()[pri:4, instance:com.Salesforce.qa.testcases.LoginPageTest@3632be31]" name="SalesforceLogoTest" duration-ms="44" started-at="2020-02-12T22:15:29 PST" finished-at="2020-02-12T22:15:29 PST">
          <reporter-output>
          </reporter-output>
        </test-method> <!-- SalesforceLogoTest -->
        <test-method status="PASS" signature="tearDown()[pri:0, instance:com.Salesforce.qa.testcases.LoginPageTest@3632be31]" name="tearDown" is-config="true" duration-ms="142" started-at="2020-02-12T22:15:29 PST" finished-at="2020-02-12T22:15:29 PST">
          <reporter-output>
          </reporter-output>
        </test-method> <!-- tearDown -->
        <test-method status="PASS" signature="setUp()[pri:0, instance:com.Salesforce.qa.testcases.LoginPageTest@3632be31]" name="setUp" is-config="true" duration-ms="1728" started-at="2020-02-12T22:15:29 PST" finished-at="2020-02-12T22:15:31 PST">
          <reporter-output>
          </reporter-output>
        </test-method> <!-- setUp -->
        <test-method status="PASS" signature="loginTest()[pri:5, instance:com.Salesforce.qa.testcases.LoginPageTest@3632be31]" name="loginTest" duration-ms="4526" started-at="2020-02-12T22:15:31 PST" finished-at="2020-02-12T22:15:35 PST">
          <reporter-output>
          </reporter-output>
        </test-method> <!-- loginTest -->
        <test-method status="PASS" signature="tearDown()[pri:0, instance:com.Salesforce.qa.testcases.LoginPageTest@3632be31]" name="tearDown" is-config="true" duration-ms="111" started-at="2020-02-12T22:15:35 PST" finished-at="2020-02-12T22:15:35 PST">
          <reporter-output>
          </reporter-output>
        </test-method> <!-- tearDown -->
      </class> <!-- com.Salesforce.qa.testcases.LoginPageTest -->
      <class name="com.Salesforce.qa.testcases.FogotPasswordTest">
        <test-method status="PASS" signature="setUp()[pri:0, instance:com.Salesforce.qa.testcases.FogotPasswordTest@6fc6f14e]" name="setUp" is-config="true" duration-ms="2460" started-at="2020-02-12T22:14:57 PST" finished-at="2020-02-12T22:15:00 PST">
          <reporter-output>
          </reporter-output>
        </test-method> <!-- setUp -->
        <test-method status="PASS" signature="forgotPassword_4A()[pri:1, instance:com.Salesforce.qa.testcases.FogotPasswordTest@6fc6f14e]" name="forgotPassword_4A" duration-ms="1053" started-at="2020-02-12T22:15:00 PST" finished-at="2020-02-12T22:15:01 PST">
          <reporter-output>
          </reporter-output>
        </test-method> <!-- forgotPassword_4A -->
        <test-method status="PASS" signature="tearDown()[pri:0, instance:com.Salesforce.qa.testcases.FogotPasswordTest@6fc6f14e]" name="tearDown" is-config="true" duration-ms="90" started-at="2020-02-12T22:15:01 PST" finished-at="2020-02-12T22:15:01 PST">
          <reporter-output>
          </reporter-output>
        </test-method> <!-- tearDown -->
        <test-method status="PASS" signature="setUp()[pri:0, instance:com.Salesforce.qa.testcases.FogotPasswordTest@6fc6f14e]" name="setUp" is-config="true" duration-ms="1792" started-at="2020-02-12T22:15:01 PST" finished-at="2020-02-12T22:15:02 PST">
          <reporter-output>
          </reporter-output>
        </test-method> <!-- setUp -->
        <test-method status="PASS" signature="forgotPassword_4B()[pri:2, instance:com.Salesforce.qa.testcases.FogotPasswordTest@6fc6f14e]" name="forgotPassword_4B" duration-ms="379" started-at="2020-02-12T22:15:02 PST" finished-at="2020-02-12T22:15:03 PST">
          <reporter-output>
          </reporter-output>
        </test-method> <!-- forgotPassword_4B -->
        <test-method status="PASS" signature="tearDown()[pri:0, instance:com.Salesforce.qa.testcases.FogotPasswordTest@6fc6f14e]" name="tearDown" is-config="true" duration-ms="133" started-at="2020-02-12T22:15:03 PST" finished-at="2020-02-12T22:15:03 PST">
          <reporter-output>
          </reporter-output>
        </test-method> <!-- tearDown -->
      </class> <!-- com.Salesforce.qa.testcases.FogotPasswordTest -->
      <class name="com.Salesforce.qa.testcases.HomePageTest">
        <test-method status="PASS" signature="setUp()[pri:0, instance:com.Salesforce.qa.testcases.HomePageTest@56235b8e]" name="setUp" is-config="true" duration-ms="4786" started-at="2020-02-12T22:15:03 PST" finished-at="2020-02-12T22:15:08 PST">
          <reporter-output>
          </reporter-output>
        </test-method> <!-- setUp -->
        <test-method status="PASS" signature="Userdropdown()[pri:0, instance:com.Salesforce.qa.testcases.HomePageTest@56235b8e]" name="Userdropdown" duration-ms="3035" started-at="2020-02-12T22:15:08 PST" finished-at="2020-02-12T22:15:11 PST">
          <reporter-output>
          </reporter-output>
        </test-method> <!-- Userdropdown -->
        <test-method status="PASS" signature="tearDown()[pri:0, instance:com.Salesforce.qa.testcases.HomePageTest@56235b8e]" name="tearDown" is-config="true" duration-ms="179" started-at="2020-02-12T22:15:11 PST" finished-at="2020-02-12T22:15:11 PST">
          <reporter-output>
          </reporter-output>
        </test-method> <!-- tearDown -->
      </class> <!-- com.Salesforce.qa.testcases.HomePageTest -->
    </test> <!-- Command line test -->
  </suite> <!-- Command line suite -->
</testng-results>
